2020-02-15 22:46:28,724 DEBUG    root            Loaded Command Group: [u'gcloud', u'components']
2020-02-15 22:46:28,728 DEBUG    root            Loaded Command Group: [u'gcloud', u'components', u'update']
2020-02-15 22:46:28,731 DEBUG    root            Running [gcloud.components.update] with arguments: [--allow-no-backup: "True", --quiet: "True", COMPONENT-IDS:6: "[u'core', u'gcloud-deps', u'bq', u'gcloud', u'gsutil', u'anthoscli']"]
2020-02-15 22:46:29,024 INFO     ___FILE_ONLY___ 

2020-02-15 22:46:29,026 INFO     ___FILE_ONLY___ 
Your current Cloud SDK version is: 280.0.0

2020-02-15 22:46:29,027 INFO     ___FILE_ONLY___ Installing components from version: 280.0.0

2020-02-15 22:46:29,027 INFO     ___FILE_ONLY___ 

2020-02-15 22:46:29,049 INFO     ___FILE_ONLY___ +-----------------------------------------------------------------------------+
2020-02-15 22:46:29,049 INFO     ___FILE_ONLY___ 

2020-02-15 22:46:29,049 INFO     ___FILE_ONLY___ |                     These components will be installed.                     |
2020-02-15 22:46:29,049 INFO     ___FILE_ONLY___ 

2020-02-15 22:46:29,049 INFO     ___FILE_ONLY___ +-----------------------------------------------------+------------+----------+
2020-02-15 22:46:29,050 INFO     ___FILE_ONLY___ 

2020-02-15 22:46:29,050 INFO     ___FILE_ONLY___ |                         Name                        |  Version   |   Size   |
2020-02-15 22:46:29,050 INFO     ___FILE_ONLY___ 

2020-02-15 22:46:29,050 INFO     ___FILE_ONLY___ +-----------------------------------------------------+------------+----------+
2020-02-15 22:46:29,050 INFO     ___FILE_ONLY___ 

2020-02-15 22:46:29,050 INFO     ___FILE_ONLY___ | 
2020-02-15 22:46:29,051 INFO     ___FILE_ONLY___ BigQuery Command Line Tool                         
2020-02-15 22:46:29,051 INFO     ___FILE_ONLY___  
2020-02-15 22:46:29,051 INFO     ___FILE_ONLY___ | 
2020-02-15 22:46:29,051 INFO     ___FILE_ONLY___     2.0.53
2020-02-15 22:46:29,051 INFO     ___FILE_ONLY___  
2020-02-15 22:46:29,051 INFO     ___FILE_ONLY___ | 
2020-02-15 22:46:29,051 INFO     ___FILE_ONLY___  < 1 MiB
2020-02-15 22:46:29,052 INFO     ___FILE_ONLY___  
2020-02-15 22:46:29,052 INFO     ___FILE_ONLY___ |
2020-02-15 22:46:29,052 INFO     ___FILE_ONLY___ 

2020-02-15 22:46:29,052 INFO     ___FILE_ONLY___ | 
2020-02-15 22:46:29,052 INFO     ___FILE_ONLY___ BigQuery Command Line Tool (Platform Specific)     
2020-02-15 22:46:29,052 INFO     ___FILE_ONLY___  
2020-02-15 22:46:29,052 INFO     ___FILE_ONLY___ | 
2020-02-15 22:46:29,053 INFO     ___FILE_ONLY___     2.0.51
2020-02-15 22:46:29,053 INFO     ___FILE_ONLY___  
2020-02-15 22:46:29,053 INFO     ___FILE_ONLY___ | 
2020-02-15 22:46:29,053 INFO     ___FILE_ONLY___  < 1 MiB
2020-02-15 22:46:29,053 INFO     ___FILE_ONLY___  
2020-02-15 22:46:29,054 INFO     ___FILE_ONLY___ |
2020-02-15 22:46:29,054 INFO     ___FILE_ONLY___ 

2020-02-15 22:46:29,054 INFO     ___FILE_ONLY___ | 
2020-02-15 22:46:29,054 INFO     ___FILE_ONLY___ Cloud SDK Core Libraries (Platform Specific)       
2020-02-15 22:46:29,054 INFO     ___FILE_ONLY___  
2020-02-15 22:46:29,054 INFO     ___FILE_ONLY___ | 
2020-02-15 22:46:29,055 INFO     ___FILE_ONLY___ 2019.12.17
2020-02-15 22:46:29,055 INFO     ___FILE_ONLY___  
2020-02-15 22:46:29,055 INFO     ___FILE_ONLY___ | 
2020-02-15 22:46:29,055 INFO     ___FILE_ONLY___  < 1 MiB
2020-02-15 22:46:29,055 INFO     ___FILE_ONLY___  
2020-02-15 22:46:29,055 INFO     ___FILE_ONLY___ |
2020-02-15 22:46:29,056 INFO     ___FILE_ONLY___ 

2020-02-15 22:46:29,056 INFO     ___FILE_ONLY___ | 
2020-02-15 22:46:29,056 INFO     ___FILE_ONLY___ Cloud Storage Command Line Tool                    
2020-02-15 22:46:29,056 INFO     ___FILE_ONLY___  
2020-02-15 22:46:29,056 INFO     ___FILE_ONLY___ | 
2020-02-15 22:46:29,056 INFO     ___FILE_ONLY___       4.47
2020-02-15 22:46:29,057 INFO     ___FILE_ONLY___  
2020-02-15 22:46:29,057 INFO     ___FILE_ONLY___ | 
2020-02-15 22:46:29,057 INFO     ___FILE_ONLY___  3.6 MiB
2020-02-15 22:46:29,057 INFO     ___FILE_ONLY___  
2020-02-15 22:46:29,058 INFO     ___FILE_ONLY___ |
2020-02-15 22:46:29,058 INFO     ___FILE_ONLY___ 

2020-02-15 22:46:29,058 INFO     ___FILE_ONLY___ | 
2020-02-15 22:46:29,058 INFO     ___FILE_ONLY___ Cloud Storage Command Line Tool (Platform Specific)
2020-02-15 22:46:29,058 INFO     ___FILE_ONLY___  
2020-02-15 22:46:29,058 INFO     ___FILE_ONLY___ | 
2020-02-15 22:46:29,059 INFO     ___FILE_ONLY___       4.46
2020-02-15 22:46:29,059 INFO     ___FILE_ONLY___  
2020-02-15 22:46:29,059 INFO     ___FILE_ONLY___ | 
2020-02-15 22:46:29,059 INFO     ___FILE_ONLY___  < 1 MiB
2020-02-15 22:46:29,059 INFO     ___FILE_ONLY___  
2020-02-15 22:46:29,060 INFO     ___FILE_ONLY___ |
2020-02-15 22:46:29,060 INFO     ___FILE_ONLY___ 

2020-02-15 22:46:29,060 INFO     ___FILE_ONLY___ | 
2020-02-15 22:46:29,060 INFO     ___FILE_ONLY___ Default set of gcloud commands                     
2020-02-15 22:46:29,060 INFO     ___FILE_ONLY___  
2020-02-15 22:46:29,061 INFO     ___FILE_ONLY___ | 
2020-02-15 22:46:29,061 INFO     ___FILE_ONLY___           
2020-02-15 22:46:29,061 INFO     ___FILE_ONLY___  
2020-02-15 22:46:29,061 INFO     ___FILE_ONLY___ | 
2020-02-15 22:46:29,061 INFO     ___FILE_ONLY___         
2020-02-15 22:46:29,062 INFO     ___FILE_ONLY___  
2020-02-15 22:46:29,062 INFO     ___FILE_ONLY___ |
2020-02-15 22:46:29,062 INFO     ___FILE_ONLY___ 

2020-02-15 22:46:29,062 INFO     ___FILE_ONLY___ | 
2020-02-15 22:46:29,062 INFO     ___FILE_ONLY___ anthoscli                                          
2020-02-15 22:46:29,062 INFO     ___FILE_ONLY___  
2020-02-15 22:46:29,063 INFO     ___FILE_ONLY___ | 
2020-02-15 22:46:29,063 INFO     ___FILE_ONLY___     0.0.12
2020-02-15 22:46:29,063 INFO     ___FILE_ONLY___  
2020-02-15 22:46:29,063 INFO     ___FILE_ONLY___ | 
2020-02-15 22:46:29,064 INFO     ___FILE_ONLY___ 24.0 MiB
2020-02-15 22:46:29,064 INFO     ___FILE_ONLY___  
2020-02-15 22:46:29,064 INFO     ___FILE_ONLY___ |
2020-02-15 22:46:29,064 INFO     ___FILE_ONLY___ 

2020-02-15 22:46:29,064 INFO     ___FILE_ONLY___ | 
2020-02-15 22:46:29,064 INFO     ___FILE_ONLY___ anthoscli                                          
2020-02-15 22:46:29,065 INFO     ___FILE_ONLY___  
2020-02-15 22:46:29,065 INFO     ___FILE_ONLY___ | 
2020-02-15 22:46:29,065 INFO     ___FILE_ONLY___           
2020-02-15 22:46:29,065 INFO     ___FILE_ONLY___  
2020-02-15 22:46:29,065 INFO     ___FILE_ONLY___ | 
2020-02-15 22:46:29,066 INFO     ___FILE_ONLY___         
2020-02-15 22:46:29,066 INFO     ___FILE_ONLY___  
2020-02-15 22:46:29,066 INFO     ___FILE_ONLY___ |
2020-02-15 22:46:29,066 INFO     ___FILE_ONLY___ 

2020-02-15 22:46:29,066 INFO     ___FILE_ONLY___ | 
2020-02-15 22:46:29,066 INFO     ___FILE_ONLY___ gcloud cli dependencies                            
2020-02-15 22:46:29,067 INFO     ___FILE_ONLY___  
2020-02-15 22:46:29,067 INFO     ___FILE_ONLY___ | 
2020-02-15 22:46:29,067 INFO     ___FILE_ONLY___ 2018.08.03
2020-02-15 22:46:29,067 INFO     ___FILE_ONLY___  
2020-02-15 22:46:29,067 INFO     ___FILE_ONLY___ | 
2020-02-15 22:46:29,068 INFO     ___FILE_ONLY___  1.5 MiB
2020-02-15 22:46:29,068 INFO     ___FILE_ONLY___  
2020-02-15 22:46:29,068 INFO     ___FILE_ONLY___ |
2020-02-15 22:46:29,068 INFO     ___FILE_ONLY___ 

2020-02-15 22:46:29,068 INFO     ___FILE_ONLY___ +-----------------------------------------------------+------------+----------+
2020-02-15 22:46:29,069 INFO     ___FILE_ONLY___ 

2020-02-15 22:46:29,069 INFO     ___FILE_ONLY___ 

2020-02-15 22:46:29,248 INFO     ___FILE_ONLY___ For the latest full release notes, please visit:
  https://cloud.google.com/sdk/release_notes


2020-02-15 22:46:29,249 INFO     ___FILE_ONLY___ #============================================================#

2020-02-15 22:46:29,249 INFO     ___FILE_ONLY___ #= Creating update staging area                             =#

2020-02-15 22:46:29,249 INFO     ___FILE_ONLY___ #
2020-02-15 22:46:29,250 INFO     ___FILE_ONLY___ ======
2020-02-15 22:46:29,250 INFO     ___FILE_ONLY___ ======
2020-02-15 22:46:29,250 INFO     ___FILE_ONLY___ ======
2020-02-15 22:46:29,359 INFO     ___FILE_ONLY___ =
2020-02-15 22:46:29,649 INFO     ___FILE_ONLY___ =
2020-02-15 22:46:29,757 INFO     ___FILE_ONLY___ =
2020-02-15 22:46:29,831 INFO     ___FILE_ONLY___ =
2020-02-15 22:46:29,907 INFO     ___FILE_ONLY___ =
2020-02-15 22:46:29,965 INFO     ___FILE_ONLY___ =
2020-02-15 22:46:30,016 INFO     ___FILE_ONLY___ =
2020-02-15 22:46:30,108 INFO     ___FILE_ONLY___ =
2020-02-15 22:46:30,182 INFO     ___FILE_ONLY___ =
2020-02-15 22:46:30,272 INFO     ___FILE_ONLY___ =
2020-02-15 22:46:30,366 INFO     ___FILE_ONLY___ =
2020-02-15 22:46:30,445 INFO     ___FILE_ONLY___ =
2020-02-15 22:46:30,527 INFO     ___FILE_ONLY___ =
2020-02-15 22:46:30,617 INFO     ___FILE_ONLY___ =
2020-02-15 22:46:30,741 INFO     ___FILE_ONLY___ =
2020-02-15 22:46:30,860 INFO     ___FILE_ONLY___ =
2020-02-15 22:46:30,947 INFO     ___FILE_ONLY___ =
2020-02-15 22:46:31,028 INFO     ___FILE_ONLY___ =
2020-02-15 22:46:31,126 INFO     ___FILE_ONLY___ =
2020-02-15 22:46:31,212 INFO     ___FILE_ONLY___ =
2020-02-15 22:46:31,295 INFO     ___FILE_ONLY___ =
2020-02-15 22:46:31,378 INFO     ___FILE_ONLY___ =
2020-02-15 22:46:31,466 INFO     ___FILE_ONLY___ =
2020-02-15 22:46:31,558 INFO     ___FILE_ONLY___ =
2020-02-15 22:46:31,650 INFO     ___FILE_ONLY___ =
2020-02-15 22:46:31,721 INFO     ___FILE_ONLY___ =
2020-02-15 22:46:31,803 INFO     ___FILE_ONLY___ =
2020-02-15 22:46:31,894 INFO     ___FILE_ONLY___ =
2020-02-15 22:46:31,961 INFO     ___FILE_ONLY___ =
2020-02-15 22:46:32,071 INFO     ___FILE_ONLY___ =
2020-02-15 22:46:32,177 INFO     ___FILE_ONLY___ =
2020-02-15 22:46:32,300 INFO     ___FILE_ONLY___ =
2020-02-15 22:46:32,400 INFO     ___FILE_ONLY___ =
2020-02-15 22:46:32,498 INFO     ___FILE_ONLY___ =
2020-02-15 22:46:32,579 INFO     ___FILE_ONLY___ =
2020-02-15 22:46:32,670 INFO     ___FILE_ONLY___ =
2020-02-15 22:46:32,938 INFO     ___FILE_ONLY___ =
2020-02-15 22:46:33,319 INFO     ___FILE_ONLY___ =
2020-02-15 22:46:33,658 INFO     ___FILE_ONLY___ =
2020-02-15 22:46:33,834 INFO     ___FILE_ONLY___ =
2020-02-15 22:46:34,049 INFO     ___FILE_ONLY___ =
2020-02-15 22:46:34,869 INFO     ___FILE_ONLY___ =
2020-02-15 22:46:34,869 INFO     ___FILE_ONLY___ #

2020-02-15 22:46:34,874 INFO     ___FILE_ONLY___ #= Installing: BigQuery Command Line Tool                   =#

2020-02-15 22:46:34,875 INFO     ___FILE_ONLY___ #
2020-02-15 22:46:35,016 INFO     ___FILE_ONLY___ =
2020-02-15 22:46:35,033 INFO     ___FILE_ONLY___ =
2020-02-15 22:46:35,042 INFO     ___FILE_ONLY___ =
2020-02-15 22:46:35,049 INFO     ___FILE_ONLY___ =
2020-02-15 22:46:35,054 INFO     ___FILE_ONLY___ =
2020-02-15 22:46:35,058 INFO     ___FILE_ONLY___ =
2020-02-15 22:46:35,065 INFO     ___FILE_ONLY___ =
2020-02-15 22:46:35,068 INFO     ___FILE_ONLY___ =
2020-02-15 22:46:35,070 INFO     ___FILE_ONLY___ =
2020-02-15 22:46:35,074 INFO     ___FILE_ONLY___ =
2020-02-15 22:46:35,078 INFO     ___FILE_ONLY___ =
2020-02-15 22:46:35,083 INFO     ___FILE_ONLY___ =
2020-02-15 22:46:35,087 INFO     ___FILE_ONLY___ =
2020-02-15 22:46:35,088 INFO     ___FILE_ONLY___ =
2020-02-15 22:46:35,091 INFO     ___FILE_ONLY___ =
2020-02-15 22:46:35,092 INFO     ___FILE_ONLY___ =
2020-02-15 22:46:35,093 INFO     ___FILE_ONLY___ =
2020-02-15 22:46:35,096 INFO     ___FILE_ONLY___ =
2020-02-15 22:46:35,102 INFO     ___FILE_ONLY___ =
2020-02-15 22:46:35,103 INFO     ___FILE_ONLY___ =
2020-02-15 22:46:35,106 INFO     ___FILE_ONLY___ =
2020-02-15 22:46:35,107 INFO     ___FILE_ONLY___ =
2020-02-15 22:46:35,108 INFO     ___FILE_ONLY___ =
2020-02-15 22:46:35,111 INFO     ___FILE_ONLY___ =
2020-02-15 22:46:35,112 INFO     ___FILE_ONLY___ =
2020-02-15 22:46:35,113 INFO     ___FILE_ONLY___ =
2020-02-15 22:46:35,114 INFO     ___FILE_ONLY___ =
2020-02-15 22:46:35,118 INFO     ___FILE_ONLY___ =
2020-02-15 22:46:35,121 INFO     ___FILE_ONLY___ =
2020-02-15 22:46:35,125 INFO     ___FILE_ONLY___ =
2020-02-15 22:46:35,182 INFO     ___FILE_ONLY___ =
2020-02-15 22:46:35,189 INFO     ___FILE_ONLY___ =
2020-02-15 22:46:35,196 INFO     ___FILE_ONLY___ =
2020-02-15 22:46:35,201 INFO     ___FILE_ONLY___ =
2020-02-15 22:46:35,205 INFO     ___FILE_ONLY___ =
2020-02-15 22:46:35,209 INFO     ___FILE_ONLY___ =
2020-02-15 22:46:35,214 INFO     ___FILE_ONLY___ =
2020-02-15 22:46:35,218 INFO     ___FILE_ONLY___ =
2020-02-15 22:46:35,235 INFO     ___FILE_ONLY___ =
2020-02-15 22:46:35,248 INFO     ___FILE_ONLY___ =
2020-02-15 22:46:35,262 INFO     ___FILE_ONLY___ =
2020-02-15 22:46:35,272 INFO     ___FILE_ONLY___ =
2020-02-15 22:46:35,278 INFO     ___FILE_ONLY___ =
2020-02-15 22:46:35,285 INFO     ___FILE_ONLY___ =
2020-02-15 22:46:35,291 INFO     ___FILE_ONLY___ =
2020-02-15 22:46:35,297 INFO     ___FILE_ONLY___ =
2020-02-15 22:46:35,303 INFO     ___FILE_ONLY___ =
2020-02-15 22:46:35,311 INFO     ___FILE_ONLY___ =
2020-02-15 22:46:35,318 INFO     ___FILE_ONLY___ =
2020-02-15 22:46:35,327 INFO     ___FILE_ONLY___ =
2020-02-15 22:46:35,338 INFO     ___FILE_ONLY___ =
2020-02-15 22:46:35,346 INFO     ___FILE_ONLY___ =
2020-02-15 22:46:35,352 INFO     ___FILE_ONLY___ =
2020-02-15 22:46:35,356 INFO     ___FILE_ONLY___ =
2020-02-15 22:46:35,361 INFO     ___FILE_ONLY___ =
2020-02-15 22:46:35,368 INFO     ___FILE_ONLY___ =
2020-02-15 22:46:35,375 INFO     ___FILE_ONLY___ =
2020-02-15 22:46:35,381 INFO     ___FILE_ONLY___ =
2020-02-15 22:46:35,394 INFO     ___FILE_ONLY___ =
2020-02-15 22:46:35,405 INFO     ___FILE_ONLY___ =
2020-02-15 22:46:35,405 INFO     ___FILE_ONLY___ #

2020-02-15 22:46:35,418 INFO     ___FILE_ONLY___ #= Installing: BigQuery Command Line Tool (Platform Spec... =#

2020-02-15 22:46:35,419 INFO     ___FILE_ONLY___ #
2020-02-15 22:46:35,529 INFO     ___FILE_ONLY___ ==============================
2020-02-15 22:46:35,532 INFO     ___FILE_ONLY___ ===============
2020-02-15 22:46:35,534 INFO     ___FILE_ONLY___ ===============
2020-02-15 22:46:35,534 INFO     ___FILE_ONLY___ #

2020-02-15 22:46:35,542 INFO     ___FILE_ONLY___ #= Installing: Cloud SDK Core Libraries (Platform Specific) =#

2020-02-15 22:46:35,543 INFO     ___FILE_ONLY___ #
2020-02-15 22:46:35,663 INFO     ___FILE_ONLY___ ==============================
2020-02-15 22:46:35,665 INFO     ___FILE_ONLY___ ==========
2020-02-15 22:46:35,666 INFO     ___FILE_ONLY___ =========
2020-02-15 22:46:35,667 INFO     ___FILE_ONLY___ ===========
2020-02-15 22:46:35,667 INFO     ___FILE_ONLY___ #

2020-02-15 22:46:35,672 INFO     ___FILE_ONLY___ #= Installing: Cloud Storage Command Line Tool              =#

2020-02-15 22:46:35,672 INFO     ___FILE_ONLY___ #
2020-02-15 22:46:35,889 INFO     ___FILE_ONLY___ =
2020-02-15 22:46:35,907 INFO     ___FILE_ONLY___ =
2020-02-15 22:46:35,926 INFO     ___FILE_ONLY___ =
2020-02-15 22:46:35,930 INFO     ___FILE_ONLY___ =
2020-02-15 22:46:35,943 INFO     ___FILE_ONLY___ =
2020-02-15 22:46:35,950 INFO     ___FILE_ONLY___ =
2020-02-15 22:46:35,957 INFO     ___FILE_ONLY___ =
2020-02-15 22:46:35,960 INFO     ___FILE_ONLY___ =
2020-02-15 22:46:35,966 INFO     ___FILE_ONLY___ =
2020-02-15 22:46:35,970 INFO     ___FILE_ONLY___ =
2020-02-15 22:46:35,973 INFO     ___FILE_ONLY___ =
2020-02-15 22:46:35,976 INFO     ___FILE_ONLY___ =
2020-02-15 22:46:35,981 INFO     ___FILE_ONLY___ =
2020-02-15 22:46:35,984 INFO     ___FILE_ONLY___ =
2020-02-15 22:46:35,986 INFO     ___FILE_ONLY___ =
2020-02-15 22:46:35,989 INFO     ___FILE_ONLY___ =
2020-02-15 22:46:35,991 INFO     ___FILE_ONLY___ =
2020-02-15 22:46:35,994 INFO     ___FILE_ONLY___ =
2020-02-15 22:46:35,999 INFO     ___FILE_ONLY___ =
2020-02-15 22:46:36,011 INFO     ___FILE_ONLY___ =
2020-02-15 22:46:36,014 INFO     ___FILE_ONLY___ =
2020-02-15 22:46:36,018 INFO     ___FILE_ONLY___ =
2020-02-15 22:46:36,021 INFO     ___FILE_ONLY___ =
2020-02-15 22:46:36,023 INFO     ___FILE_ONLY___ =
2020-02-15 22:46:36,025 INFO     ___FILE_ONLY___ =
2020-02-15 22:46:36,027 INFO     ___FILE_ONLY___ =
2020-02-15 22:46:36,031 INFO     ___FILE_ONLY___ =
2020-02-15 22:46:36,034 INFO     ___FILE_ONLY___ =
2020-02-15 22:46:36,037 INFO     ___FILE_ONLY___ =
2020-02-15 22:46:36,044 INFO     ___FILE_ONLY___ =
2020-02-15 22:46:36,361 INFO     ___FILE_ONLY___ =
2020-02-15 22:46:36,400 INFO     ___FILE_ONLY___ =
2020-02-15 22:46:36,429 INFO     ___FILE_ONLY___ =
2020-02-15 22:46:36,461 INFO     ___FILE_ONLY___ =
2020-02-15 22:46:36,490 INFO     ___FILE_ONLY___ =
2020-02-15 22:46:36,519 INFO     ___FILE_ONLY___ =
2020-02-15 22:46:36,552 INFO     ___FILE_ONLY___ =
2020-02-15 22:46:36,582 INFO     ___FILE_ONLY___ =
2020-02-15 22:46:36,616 INFO     ___FILE_ONLY___ =
2020-02-15 22:46:36,655 INFO     ___FILE_ONLY___ =
2020-02-15 22:46:36,700 INFO     ___FILE_ONLY___ =
2020-02-15 22:46:36,746 INFO     ___FILE_ONLY___ =
2020-02-15 22:46:36,781 INFO     ___FILE_ONLY___ =
2020-02-15 22:46:36,814 INFO     ___FILE_ONLY___ =
2020-02-15 22:46:36,847 INFO     ___FILE_ONLY___ =
2020-02-15 22:46:36,883 INFO     ___FILE_ONLY___ =
2020-02-15 22:46:36,925 INFO     ___FILE_ONLY___ =
2020-02-15 22:46:36,965 INFO     ___FILE_ONLY___ =
2020-02-15 22:46:37,006 INFO     ___FILE_ONLY___ =
2020-02-15 22:46:37,047 INFO     ___FILE_ONLY___ =
2020-02-15 22:46:37,075 INFO     ___FILE_ONLY___ =
2020-02-15 22:46:37,107 INFO     ___FILE_ONLY___ =
2020-02-15 22:46:37,135 INFO     ___FILE_ONLY___ =
2020-02-15 22:46:37,165 INFO     ___FILE_ONLY___ =
2020-02-15 22:46:37,201 INFO     ___FILE_ONLY___ =
2020-02-15 22:46:37,238 INFO     ___FILE_ONLY___ =
2020-02-15 22:46:37,273 INFO     ___FILE_ONLY___ =
2020-02-15 22:46:37,317 INFO     ___FILE_ONLY___ =
2020-02-15 22:46:37,360 INFO     ___FILE_ONLY___ =
2020-02-15 22:46:37,404 INFO     ___FILE_ONLY___ =
2020-02-15 22:46:37,404 INFO     ___FILE_ONLY___ #

2020-02-15 22:46:37,456 INFO     ___FILE_ONLY___ #= Installing: Cloud Storage Command Line Tool (Platform... =#

2020-02-15 22:46:37,456 INFO     ___FILE_ONLY___ #
2020-02-15 22:46:37,591 INFO     ___FILE_ONLY___ ==============================
2020-02-15 22:46:37,593 INFO     ___FILE_ONLY___ ===============
2020-02-15 22:46:37,594 INFO     ___FILE_ONLY___ ===============
2020-02-15 22:46:37,595 INFO     ___FILE_ONLY___ #

2020-02-15 22:46:37,600 INFO     ___FILE_ONLY___ #= Installing: Default set of gcloud commands               =#

2020-02-15 22:46:37,600 INFO     ___FILE_ONLY___ #
2020-02-15 22:46:37,604 INFO     ___FILE_ONLY___ ============================================================
2020-02-15 22:46:37,604 INFO     ___FILE_ONLY___ #

2020-02-15 22:46:37,605 INFO     ___FILE_ONLY___ #= Installing: anthoscli                                    =#

2020-02-15 22:46:37,605 INFO     ___FILE_ONLY___ #
2020-02-15 22:46:37,954 INFO     ___FILE_ONLY___ =
2020-02-15 22:46:37,979 INFO     ___FILE_ONLY___ =
2020-02-15 22:46:37,997 INFO     ___FILE_ONLY___ =
2020-02-15 22:46:38,016 INFO     ___FILE_ONLY___ =
2020-02-15 22:46:38,036 INFO     ___FILE_ONLY___ =
2020-02-15 22:46:38,052 INFO     ___FILE_ONLY___ =
2020-02-15 22:46:38,073 INFO     ___FILE_ONLY___ =
2020-02-15 22:46:38,089 INFO     ___FILE_ONLY___ =
2020-02-15 22:46:38,127 INFO     ___FILE_ONLY___ =
2020-02-15 22:46:38,140 INFO     ___FILE_ONLY___ =
2020-02-15 22:46:38,155 INFO     ___FILE_ONLY___ =
2020-02-15 22:46:38,175 INFO     ___FILE_ONLY___ =
2020-02-15 22:46:38,190 INFO     ___FILE_ONLY___ =
2020-02-15 22:46:38,210 INFO     ___FILE_ONLY___ =
2020-02-15 22:46:38,228 INFO     ___FILE_ONLY___ =
2020-02-15 22:46:38,243 INFO     ___FILE_ONLY___ =
2020-02-15 22:46:38,260 INFO     ___FILE_ONLY___ =
2020-02-15 22:46:38,284 INFO     ___FILE_ONLY___ =
2020-02-15 22:46:38,296 INFO     ___FILE_ONLY___ =
2020-02-15 22:46:38,316 INFO     ___FILE_ONLY___ =
2020-02-15 22:46:38,335 INFO     ___FILE_ONLY___ =
2020-02-15 22:46:38,351 INFO     ___FILE_ONLY___ =
2020-02-15 22:46:38,370 INFO     ___FILE_ONLY___ =
2020-02-15 22:46:38,388 INFO     ___FILE_ONLY___ =
2020-02-15 22:46:38,406 INFO     ___FILE_ONLY___ =
2020-02-15 22:46:38,465 INFO     ___FILE_ONLY___ =
2020-02-15 22:46:38,469 INFO     ___FILE_ONLY___ =
2020-02-15 22:46:38,486 INFO     ___FILE_ONLY___ =
2020-02-15 22:46:38,504 INFO     ___FILE_ONLY___ =
2020-02-15 22:46:38,525 INFO     ___FILE_ONLY___ =
2020-02-15 22:46:39,150 INFO     ___FILE_ONLY___ =====
2020-02-15 22:46:39,150 INFO     ___FILE_ONLY___ =====
2020-02-15 22:46:39,152 INFO     ___FILE_ONLY___ =====
2020-02-15 22:46:39,158 INFO     ___FILE_ONLY___ ====
2020-02-15 22:46:39,159 INFO     ___FILE_ONLY___ ======
2020-02-15 22:46:39,826 INFO     ___FILE_ONLY___ =====
2020-02-15 22:46:39,826 INFO     ___FILE_ONLY___ #

2020-02-15 22:46:39,836 INFO     ___FILE_ONLY___ #= Installing: anthoscli                                    =#

2020-02-15 22:46:39,836 INFO     ___FILE_ONLY___ #
2020-02-15 22:46:39,842 INFO     ___FILE_ONLY___ ============================================================
2020-02-15 22:46:39,842 INFO     ___FILE_ONLY___ #

2020-02-15 22:46:39,843 INFO     ___FILE_ONLY___ #= Installing: gcloud cli dependencies                      =#

2020-02-15 22:46:39,843 INFO     ___FILE_ONLY___ #
2020-02-15 22:46:40,023 INFO     ___FILE_ONLY___ =
2020-02-15 22:46:40,035 INFO     ___FILE_ONLY___ =
2020-02-15 22:46:40,041 INFO     ___FILE_ONLY___ =
2020-02-15 22:46:40,051 INFO     ___FILE_ONLY___ =
2020-02-15 22:46:40,054 INFO     ___FILE_ONLY___ =
2020-02-15 22:46:40,063 INFO     ___FILE_ONLY___ =
2020-02-15 22:46:40,068 INFO     ___FILE_ONLY___ =
2020-02-15 22:46:40,072 INFO     ___FILE_ONLY___ =
2020-02-15 22:46:40,074 INFO     ___FILE_ONLY___ =
2020-02-15 22:46:40,076 INFO     ___FILE_ONLY___ =
2020-02-15 22:46:40,084 INFO     ___FILE_ONLY___ =
2020-02-15 22:46:40,090 INFO     ___FILE_ONLY___ =
2020-02-15 22:46:40,091 INFO     ___FILE_ONLY___ =
2020-02-15 22:46:40,093 INFO     ___FILE_ONLY___ =
2020-02-15 22:46:40,095 INFO     ___FILE_ONLY___ =
2020-02-15 22:46:40,096 INFO     ___FILE_ONLY___ =
2020-02-15 22:46:40,097 INFO     ___FILE_ONLY___ =
2020-02-15 22:46:40,099 INFO     ___FILE_ONLY___ =
2020-02-15 22:46:40,100 INFO     ___FILE_ONLY___ =
2020-02-15 22:46:40,104 INFO     ___FILE_ONLY___ =
2020-02-15 22:46:40,109 INFO     ___FILE_ONLY___ =
2020-02-15 22:46:40,110 INFO     ___FILE_ONLY___ =
2020-02-15 22:46:40,111 INFO     ___FILE_ONLY___ =
2020-02-15 22:46:40,112 INFO     ___FILE_ONLY___ =
2020-02-15 22:46:40,114 INFO     ___FILE_ONLY___ =
2020-02-15 22:46:40,115 INFO     ___FILE_ONLY___ =
2020-02-15 22:46:40,116 INFO     ___FILE_ONLY___ =
2020-02-15 22:46:40,117 INFO     ___FILE_ONLY___ =
2020-02-15 22:46:40,119 INFO     ___FILE_ONLY___ =
2020-02-15 22:46:40,122 INFO     ___FILE_ONLY___ =
2020-02-15 22:46:40,181 INFO     ___FILE_ONLY___ =
2020-02-15 22:46:40,182 INFO     ___FILE_ONLY___ =
2020-02-15 22:46:40,182 INFO     ___FILE_ONLY___ =
2020-02-15 22:46:40,184 INFO     ___FILE_ONLY___ =
2020-02-15 22:46:40,185 INFO     ___FILE_ONLY___ =
2020-02-15 22:46:40,187 INFO     ___FILE_ONLY___ =
2020-02-15 22:46:40,188 INFO     ___FILE_ONLY___ =
2020-02-15 22:46:40,189 INFO     ___FILE_ONLY___ =
2020-02-15 22:46:40,190 INFO     ___FILE_ONLY___ =
2020-02-15 22:46:40,192 INFO     ___FILE_ONLY___ =
2020-02-15 22:46:40,193 INFO     ___FILE_ONLY___ =
2020-02-15 22:46:40,194 INFO     ___FILE_ONLY___ =
2020-02-15 22:46:40,196 INFO     ___FILE_ONLY___ =
2020-02-15 22:46:40,197 INFO     ___FILE_ONLY___ =
2020-02-15 22:46:40,197 INFO     ___FILE_ONLY___ =
2020-02-15 22:46:40,198 INFO     ___FILE_ONLY___ =
2020-02-15 22:46:40,199 INFO     ___FILE_ONLY___ =
2020-02-15 22:46:40,201 INFO     ___FILE_ONLY___ =
2020-02-15 22:46:40,202 INFO     ___FILE_ONLY___ =
2020-02-15 22:46:40,203 INFO     ___FILE_ONLY___ =
2020-02-15 22:46:40,204 INFO     ___FILE_ONLY___ =
2020-02-15 22:46:40,205 INFO     ___FILE_ONLY___ =
2020-02-15 22:46:40,206 INFO     ___FILE_ONLY___ =
2020-02-15 22:46:40,206 INFO     ___FILE_ONLY___ =
2020-02-15 22:46:40,251 INFO     ___FILE_ONLY___ =
2020-02-15 22:46:40,252 INFO     ___FILE_ONLY___ =
2020-02-15 22:46:40,256 INFO     ___FILE_ONLY___ =
2020-02-15 22:46:40,257 INFO     ___FILE_ONLY___ =
2020-02-15 22:46:40,258 INFO     ___FILE_ONLY___ =
2020-02-15 22:46:40,259 INFO     ___FILE_ONLY___ =
2020-02-15 22:46:40,259 INFO     ___FILE_ONLY___ #

2020-02-15 22:46:40,264 INFO     ___FILE_ONLY___ #= Creating backup and activating new installation          =#

2020-02-15 22:46:40,264 INFO     ___FILE_ONLY___ #
2020-02-15 22:46:40,265 DEBUG    root            Attempting to move directory [/usr/local/Caskroom/google-cloud-sdk/latest/google-cloud-sdk] to [/usr/local/Caskroom/google-cloud-sdk/latest/google-cloud-sdk.staging/.install/.backup]
2020-02-15 22:46:40,265 INFO     ___FILE_ONLY___ ==============================
2020-02-15 22:46:40,265 DEBUG    root            Attempting to move directory [/usr/local/Caskroom/google-cloud-sdk/latest/google-cloud-sdk.staging] to [/usr/local/Caskroom/google-cloud-sdk/latest/google-cloud-sdk]
2020-02-15 22:46:40,266 INFO     ___FILE_ONLY___ ==============================
2020-02-15 22:46:40,266 INFO     ___FILE_ONLY___ #

2020-02-15 22:46:40,271 DEBUG    root            Updating notification cache...
2020-02-15 22:46:40,272 INFO     ___FILE_ONLY___ 

2020-02-15 22:46:40,272 INFO     ___FILE_ONLY___ Performing post processing steps...
2020-02-15 22:46:40,273 DEBUG    root            Executing command: ['/System/Library/Frameworks/Python.framework/Versions/2.7/Resources/Python.app/Contents/MacOS/Python', u'-S', u'/usr/local/Caskroom/google-cloud-sdk/latest/google-cloud-sdk/lib/gcloud.py', u'components', u'post-process']
2020-02-15 22:46:59,759 DEBUG    ___FILE_ONLY___ 
2020-02-15 22:46:59,761 DEBUG    ___FILE_ONLY___ 
2020-02-15 22:46:59,946 INFO     ___FILE_ONLY___ 
Update done!


2020-02-15 22:46:59,967 INFO     root            Display format: "none"
